Determining if the pthread_create exist failed with the following output:
Change Dir: /home/grisha/grigorii05/workspace/tasks/lab05/_build/CMakeFiles/CMakeTmp

Run Build Command:"/usr/bin/make" "cmTC_ae93f/fast"
/usr/bin/make -f CMakeFiles/cmTC_ae93f.dir/build.make CMakeFiles/cmTC_ae93f.dir/build
make[1]: вход в каталог «/home/grisha/grigorii05/workspace/tasks/lab05/_build/CMakeFiles/CMakeTmp»
Building C object CMakeFiles/cmTC_ae93f.dir/CheckSymbolExists.c.o
/usr/bin/cc     -o CMakeFiles/cmTC_ae93f.dir/CheckSymbolExists.c.o   -c /home/grisha/grigorii05/workspace/tasks/lab05/_build/CMakeFiles/CMakeTmp/CheckSymbolExists.c
Linking C executable cmTC_ae93f
/usr/bin/cmake -E cmake_link_script CMakeFiles/cmTC_ae93f.dir/link.txt --verbose=1
/usr/bin/cc       CMakeFiles/cmTC_ae93f.dir/CheckSymbolExists.c.o  -o cmTC_ae93f -rdynamic 
CMakeFiles/cmTC_ae93f.dir/CheckSymbolExists.c.o: In function `main':
CheckSymbolExists.c:(.text+0x15): undefined reference to `pthread_create'
collect2: error: ld returned 1 exit status
CMakeFiles/cmTC_ae93f.dir/build.make:97: ошибка выполнения рецепта для цели «cmTC_ae93f»
make[1]: *** [cmTC_ae93f] Ошибка 1
make[1]: выход из каталога «/home/grisha/grigorii05/workspace/tasks/lab05/_build/CMakeFiles/CMakeTmp»
Makefile:126: ошибка выполнения рецепта для цели «cmTC_ae93f/fast»
make: *** [cmTC_ae93f/fast] Ошибка 2

File /home/grisha/grigorii05/workspace/tasks/lab05/_build/CMakeFiles/CMakeTmp/CheckSymbolExists.c:
/* */
#include <pthread.h>

int main(int argc, char** argv)
{
  (void)argv;
#ifndef pthread_create
  return ((int*)(&pthread_create))[argc];
#else
  (void)argc;
  return 0;
#endif
}

Determining if the function pthread_create exists in the pthreads failed with the following output:
Change Dir: /home/grisha/grigorii05/workspace/tasks/lab05/_build/CMakeFiles/CMakeTmp

Run Build Command:"/usr/bin/make" "cmTC_7ea46/fast"
/usr/bin/make -f CMakeFiles/cmTC_7ea46.dir/build.make CMakeFiles/cmTC_7ea46.dir/build
make[1]: вход в каталог «/home/grisha/grigorii05/workspace/tasks/lab05/_build/CMakeFiles/CMakeTmp»
Building C object CMakeFiles/cmTC_7ea46.dir/CheckFunctionExists.c.o
/usr/bin/cc    -DCHECK_FUNCTION_EXISTS=pthread_create   -o CMakeFiles/cmTC_7ea46.dir/CheckFunctionExists.c.o   -c /usr/share/cmake-3.7/Modules/CheckFunctionExists.c
Linking C executable cmTC_7ea46
/usr/bin/cmake -E cmake_link_script CMakeFiles/cmTC_7ea46.dir/link.txt --verbose=1
/usr/bin/cc   -DCHECK_FUNCTION_EXISTS=pthread_create    CMakeFiles/cmTC_7ea46.dir/CheckFunctionExists.c.o  -o cmTC_7ea46 -rdynamic -lpthreads 
/usr/bin/ld: cannot find -lpthreads
collect2: error: ld returned 1 exit status
CMakeFiles/cmTC_7ea46.dir/build.make:97: ошибка выполнения рецепта для цели «cmTC_7ea46»
make[1]: *** [cmTC_7ea46] Ошибка 1
make[1]: выход из каталога «/home/grisha/grigorii05/workspace/tasks/lab05/_build/CMakeFiles/CMakeTmp»
Makefile:126: ошибка выполнения рецепта для цели «cmTC_7ea46/fast»
make: *** [cmTC_7ea46/fast] Ошибка 2


